==4577== Memcheck, a memory error detector
==4577== Copyright (C) 2002-2017, and GNU GPL'd, by Julian Seward et al.
==4577== Using Valgrind-3.13.0 and LibVEX; rerun with -h for copyright info
==4577== Command: ./lab3
==4577== 
==4577== Invalid write of size 1
==4577==    at 0x4C34E0D: strcpy (in /usr/lib/valgrind/vgpreload_memcheck-amd64-linux.so)
==4577==    by 0x108D05: create_node (in /home/sophie/cpsc259/lab3/lab3)
==4577==    by 0x1089B0: main (in /home/sophie/cpsc259/lab3/lab3)
==4577==  Address 0x522f0b9 is 0 bytes after a block of size 9 alloc'd
==4577==    at 0x4C31B0F: malloc (in /usr/lib/valgrind/vgpreload_memcheck-amd64-linux.so)
==4577==    by 0x108CEE: create_node (in /home/sophie/cpsc259/lab3/lab3)
==4577==    by 0x1089B0: main (in /home/sophie/cpsc259/lab3/lab3)
==4577== 
==4577== Invalid write of size 1
==4577==    at 0x4C34E0D: strcpy (in /usr/lib/valgrind/vgpreload_memcheck-amd64-linux.so)
==4577==    by 0x108D3C: create_node (in /home/sophie/cpsc259/lab3/lab3)
==4577==    by 0x1089B0: main (in /home/sophie/cpsc259/lab3/lab3)
==4577==  Address 0x522f109 is 0 bytes after a block of size 9 alloc'd
==4577==    at 0x4C31B0F: malloc (in /usr/lib/valgrind/vgpreload_memcheck-amd64-linux.so)
==4577==    by 0x108D25: create_node (in /home/sophie/cpsc259/lab3/lab3)
==4577==    by 0x1089B0: main (in /home/sophie/cpsc259/lab3/lab3)
==4577== 
==4577== Invalid write of size 1
==4577==    at 0x4C34E0D: strcpy (in /usr/lib/valgrind/vgpreload_memcheck-amd64-linux.so)
==4577==    by 0x108D05: create_node (in /home/sophie/cpsc259/lab3/lab3)
==4577==    by 0x1089E2: main (in /home/sophie/cpsc259/lab3/lab3)
==4577==  Address 0x522f1c9 is 0 bytes after a block of size 9 alloc'd
==4577==    at 0x4C31B0F: malloc (in /usr/lib/valgrind/vgpreload_memcheck-amd64-linux.so)
==4577==    by 0x108CEE: create_node (in /home/sophie/cpsc259/lab3/lab3)
==4577==    by 0x1089E2: main (in /home/sophie/cpsc259/lab3/lab3)
==4577== 
==4577== Invalid write of size 1
==4577==    at 0x4C34E0D: strcpy (in /usr/lib/valgrind/vgpreload_memcheck-amd64-linux.so)
==4577==    by 0x108D3C: create_node (in /home/sophie/cpsc259/lab3/lab3)
==4577==    by 0x1089E2: main (in /home/sophie/cpsc259/lab3/lab3)
==4577==  Address 0x522f219 is 0 bytes after a block of size 9 alloc'd
==4577==    at 0x4C31B0F: malloc (in /usr/lib/valgrind/vgpreload_memcheck-amd64-linux.so)
==4577==    by 0x108D25: create_node (in /home/sophie/cpsc259/lab3/lab3)
==4577==    by 0x1089E2: main (in /home/sophie/cpsc259/lab3/lab3)
==4577== 
==4577== Invalid write of size 1
==4577==    at 0x4C34E0D: strcpy (in /usr/lib/valgrind/vgpreload_memcheck-amd64-linux.so)
==4577==    by 0x108D05: create_node (in /home/sophie/cpsc259/lab3/lab3)
==4577==    by 0x108A4A: main (in /home/sophie/cpsc259/lab3/lab3)
==4577==  Address 0x522f2d7 is 0 bytes after a block of size 7 alloc'd
==4577==    at 0x4C31B0F: malloc (in /usr/lib/valgrind/vgpreload_memcheck-amd64-linux.so)
==4577==    by 0x108CEE: create_node (in /home/sophie/cpsc259/lab3/lab3)
==4577==    by 0x108A4A: main (in /home/sophie/cpsc259/lab3/lab3)
==4577== 
==4577== Invalid write of size 1
==4577==    at 0x4C34E0D: strcpy (in /usr/lib/valgrind/vgpreload_memcheck-amd64-linux.so)
==4577==    by 0x108D3C: create_node (in /home/sophie/cpsc259/lab3/lab3)
==4577==    by 0x108A4A: main (in /home/sophie/cpsc259/lab3/lab3)
==4577==  Address 0x522f327 is 0 bytes after a block of size 7 alloc'd
==4577==    at 0x4C31B0F: malloc (in /usr/lib/valgrind/vgpreload_memcheck-amd64-linux.so)
==4577==    by 0x108D25: create_node (in /home/sophie/cpsc259/lab3/lab3)
==4577==    by 0x108A4A: main (in /home/sophie/cpsc259/lab3/lab3)
==4577== 
==4577== Invalid write of size 1
==4577==    at 0x4C34E0D: strcpy (in /usr/lib/valgrind/vgpreload_memcheck-amd64-linux.so)
==4577==    by 0x108D05: create_node (in /home/sophie/cpsc259/lab3/lab3)
==4577==    by 0x108AA6: main (in /home/sophie/cpsc259/lab3/lab3)
==4577==  Address 0x522f3ed is 0 bytes after a block of size 13 alloc'd
==4577==    at 0x4C31B0F: malloc (in /usr/lib/valgrind/vgpreload_memcheck-amd64-linux.so)
==4577==    by 0x108CEE: create_node (in /home/sophie/cpsc259/lab3/lab3)
==4577==    by 0x108AA6: main (in /home/sophie/cpsc259/lab3/lab3)
==4577== 
==4577== Invalid write of size 1
==4577==    at 0x4C34E0D: strcpy (in /usr/lib/valgrind/vgpreload_memcheck-amd64-linux.so)
==4577==    by 0x108D3C: create_node (in /home/sophie/cpsc259/lab3/lab3)
==4577==    by 0x108AA6: main (in /home/sophie/cpsc259/lab3/lab3)
==4577==  Address 0x522f437 is 0 bytes after a block of size 7 alloc'd
==4577==    at 0x4C31B0F: malloc (in /usr/lib/valgrind/vgpreload_memcheck-amd64-linux.so)
==4577==    by 0x108D25: create_node (in /home/sophie/cpsc259/lab3/lab3)
==4577==    by 0x108AA6: main (in /home/sophie/cpsc259/lab3/lab3)
==4577== 
==4577== Invalid write of size 1
==4577==    at 0x4C34E0D: strcpy (in /usr/lib/valgrind/vgpreload_memcheck-amd64-linux.so)
==4577==    by 0x108D05: create_node (in /home/sophie/cpsc259/lab3/lab3)
==4577==    by 0x108B02: main (in /home/sophie/cpsc259/lab3/lab3)
==4577==  Address 0x522f4f6 is 0 bytes after a block of size 6 alloc'd
==4577==    at 0x4C31B0F: malloc (in /usr/lib/valgrind/vgpreload_memcheck-amd64-linux.so)
==4577==    by 0x108CEE: create_node (in /home/sophie/cpsc259/lab3/lab3)
==4577==    by 0x108B02: main (in /home/sophie/cpsc259/lab3/lab3)
==4577== 
==4577== Invalid write of size 1
==4577==    at 0x4C34E0D: strcpy (in /usr/lib/valgrind/vgpreload_memcheck-amd64-linux.so)
==4577==    by 0x108D3C: create_node (in /home/sophie/cpsc259/lab3/lab3)
==4577==    by 0x108B02: main (in /home/sophie/cpsc259/lab3/lab3)
==4577==  Address 0x522f549 is 0 bytes after a block of size 9 alloc'd
==4577==    at 0x4C31B0F: malloc (in /usr/lib/valgrind/vgpreload_memcheck-amd64-linux.so)
==4577==    by 0x108D25: create_node (in /home/sophie/cpsc259/lab3/lab3)
==4577==    by 0x108B02: main (in /home/sophie/cpsc259/lab3/lab3)
==4577== 
==4577== Invalid read of size 1
==4577==    at 0x4C34D04: strlen (in /usr/lib/valgrind/vgpreload_memcheck-amd64-linux.so)
==4577==    by 0x4E9B4A2: vfprintf (vfprintf.c:1643)
==4577==    by 0x4EA2EE5: printf (printf.c:33)
==4577==    by 0x108F90: print_node (in /home/sophie/cpsc259/lab3/lab3)
==4577==    by 0x109083: print_list (in /home/sophie/cpsc259/lab3/lab3)
==4577==    by 0x108B7E: main (in /home/sophie/cpsc259/lab3/lab3)
==4577==  Address 0x522f3ed is 0 bytes after a block of size 13 alloc'd
==4577==    at 0x4C31B0F: malloc (in /usr/lib/valgrind/vgpreload_memcheck-amd64-linux.so)
==4577==    by 0x108CEE: create_node (in /home/sophie/cpsc259/lab3/lab3)
==4577==    by 0x108AA6: main (in /home/sophie/cpsc259/lab3/lab3)
==4577== 
==4577== Invalid read of size 1
==4577==    at 0x4C34D04: strlen (in /usr/lib/valgrind/vgpreload_memcheck-amd64-linux.so)
==4577==    by 0x4E9B4A2: vfprintf (vfprintf.c:1643)
==4577==    by 0x4EA2EE5: printf (printf.c:33)
==4577==    by 0x108FAC: print_node (in /home/sophie/cpsc259/lab3/lab3)
==4577==    by 0x109083: print_list (in /home/sophie/cpsc259/lab3/lab3)
==4577==    by 0x108B7E: main (in /home/sophie/cpsc259/lab3/lab3)
==4577==  Address 0x522f437 is 0 bytes after a block of size 7 alloc'd
==4577==    at 0x4C31B0F: malloc (in /usr/lib/valgrind/vgpreload_memcheck-amd64-linux.so)
==4577==    by 0x108D25: create_node (in /home/sophie/cpsc259/lab3/lab3)
==4577==    by 0x108AA6: main (in /home/sophie/cpsc259/lab3/lab3)
==4577== 
==4577== Invalid read of size 8
==4577==    at 0x108EFE: delete_list (in /home/sophie/cpsc259/lab3/lab3)
==4577==    by 0x108C72: main (in /home/sophie/cpsc259/lab3/lab3)
==4577==  Address 0x522f068 is 40 bytes inside a block of size 48 free'd
==4577==    at 0x4C32D3B: free (in /usr/lib/valgrind/vgpreload_memcheck-amd64-linux.so)
==4577==    by 0x108E89: delete_node (in /home/sophie/cpsc259/lab3/lab3)
==4577==    by 0x108F20: delete_list (in /home/sophie/cpsc259/lab3/lab3)
==4577==    by 0x108BA4: main (in /home/sophie/cpsc259/lab3/lab3)
==4577==  Block was alloc'd at
==4577==    at 0x4C31B0F: malloc (in /usr/lib/valgrind/vgpreload_memcheck-amd64-linux.so)
==4577==    by 0x108CA5: create_node (in /home/sophie/cpsc259/lab3/lab3)
==4577==    by 0x1089B0: main (in /home/sophie/cpsc259/lab3/lab3)
==4577== 
==4577== Invalid read of size 8
==4577==    at 0x108F29: delete_list (in /home/sophie/cpsc259/lab3/lab3)
==4577==    by 0x108C72: main (in /home/sophie/cpsc259/lab3/lab3)
==4577==  Address 0x522f068 is 40 bytes inside a block of size 48 free'd
==4577==    at 0x4C32D3B: free (in /usr/lib/valgrind/vgpreload_memcheck-amd64-linux.so)
==4577==    by 0x108E89: delete_node (in /home/sophie/cpsc259/lab3/lab3)
==4577==    by 0x108F20: delete_list (in /home/sophie/cpsc259/lab3/lab3)
==4577==    by 0x108BA4: main (in /home/sophie/cpsc259/lab3/lab3)
==4577==  Block was alloc'd at
==4577==    at 0x4C31B0F: malloc (in /usr/lib/valgrind/vgpreload_memcheck-amd64-linux.so)
==4577==    by 0x108CA5: create_node (in /home/sophie/cpsc259/lab3/lab3)
==4577==    by 0x1089B0: main (in /home/sophie/cpsc259/lab3/lab3)
==4577== 
==4577== Invalid read of size 8
==4577==    at 0x108DA7: delete_node (in /home/sophie/cpsc259/lab3/lab3)
==4577==    by 0x108F20: delete_list (in /home/sophie/cpsc259/lab3/lab3)
==4577==    by 0x108C72: main (in /home/sophie/cpsc259/lab3/lab3)
==4577==  Address 0x522f068 is 40 bytes inside a block of size 48 free'd
==4577==    at 0x4C32D3B: free (in /usr/lib/valgrind/vgpreload_memcheck-amd64-linux.so)
==4577==    by 0x108E89: delete_node (in /home/sophie/cpsc259/lab3/lab3)
==4577==    by 0x108F20: delete_list (in /home/sophie/cpsc259/lab3/lab3)
==4577==    by 0x108BA4: main (in /home/sophie/cpsc259/lab3/lab3)
==4577==  Block was alloc'd at
==4577==    at 0x4C31B0F: malloc (in /usr/lib/valgrind/vgpreload_memcheck-amd64-linux.so)
==4577==    by 0x108CA5: create_node (in /home/sophie/cpsc259/lab3/lab3)
==4577==    by 0x1089B0: main (in /home/sophie/cpsc259/lab3/lab3)
==4577== 
==4577== Invalid read of size 8
==4577==    at 0x108E26: delete_node (in /home/sophie/cpsc259/lab3/lab3)
==4577==    by 0x108F20: delete_list (in /home/sophie/cpsc259/lab3/lab3)
==4577==    by 0x108C72: main (in /home/sophie/cpsc259/lab3/lab3)
==4577==  Address 0x522f068 is 40 bytes inside a block of size 48 free'd
==4577==    at 0x4C32D3B: free (in /usr/lib/valgrind/vgpreload_memcheck-amd64-linux.so)
==4577==    by 0x108E89: delete_node (in /home/sophie/cpsc259/lab3/lab3)
==4577==    by 0x108F20: delete_list (in /home/sophie/cpsc259/lab3/lab3)
==4577==    by 0x108BA4: main (in /home/sophie/cpsc259/lab3/lab3)
==4577==  Block was alloc'd at
==4577==    at 0x4C31B0F: malloc (in /usr/lib/valgrind/vgpreload_memcheck-amd64-linux.so)
==4577==    by 0x108CA5: create_node (in /home/sophie/cpsc259/lab3/lab3)
==4577==    by 0x1089B0: main (in /home/sophie/cpsc259/lab3/lab3)
==4577== 
==4577== Invalid read of size 8
==4577==    at 0x108E32: delete_node (in /home/sophie/cpsc259/lab3/lab3)
==4577==    by 0x108F20: delete_list (in /home/sophie/cpsc259/lab3/lab3)
==4577==    by 0x108C72: main (in /home/sophie/cpsc259/lab3/lab3)
==4577==  Address 0x522f048 is 8 bytes inside a block of size 48 free'd
==4577==    at 0x4C32D3B: free (in /usr/lib/valgrind/vgpreload_memcheck-amd64-linux.so)
==4577==    by 0x108E89: delete_node (in /home/sophie/cpsc259/lab3/lab3)
==4577==    by 0x108F20: delete_list (in /home/sophie/cpsc259/lab3/lab3)
==4577==    by 0x108BA4: main (in /home/sophie/cpsc259/lab3/lab3)
==4577==  Block was alloc'd at
==4577==    at 0x4C31B0F: malloc (in /usr/lib/valgrind/vgpreload_memcheck-amd64-linux.so)
==4577==    by 0x108CA5: create_node (in /home/sophie/cpsc259/lab3/lab3)
==4577==    by 0x1089B0: main (in /home/sophie/cpsc259/lab3/lab3)
==4577== 
==4577== Invalid read of size 8
==4577==    at 0x108E3E: delete_node (in /home/sophie/cpsc259/lab3/lab3)
==4577==    by 0x108F20: delete_list (in /home/sophie/cpsc259/lab3/lab3)
==4577==    by 0x108C72: main (in /home/sophie/cpsc259/lab3/lab3)
==4577==  Address 0x522f050 is 16 bytes inside a block of size 48 free'd
==4577==    at 0x4C32D3B: free (in /usr/lib/valgrind/vgpreload_memcheck-amd64-linux.so)
==4577==    by 0x108E89: delete_node (in /home/sophie/cpsc259/lab3/lab3)
==4577==    by 0x108F20: delete_list (in /home/sophie/cpsc259/lab3/lab3)
==4577==    by 0x108BA4: main (in /home/sophie/cpsc259/lab3/lab3)
==4577==  Block was alloc'd at
==4577==    at 0x4C31B0F: malloc (in /usr/lib/valgrind/vgpreload_memcheck-amd64-linux.so)
==4577==    by 0x108CA5: create_node (in /home/sophie/cpsc259/lab3/lab3)
==4577==    by 0x1089B0: main (in /home/sophie/cpsc259/lab3/lab3)
==4577== 
==4577== Invalid write of size 8
==4577==    at 0x108E4A: delete_node (in /home/sophie/cpsc259/lab3/lab3)
==4577==    by 0x108F20: delete_list (in /home/sophie/cpsc259/lab3/lab3)
==4577==    by 0x108C72: main (in /home/sophie/cpsc259/lab3/lab3)
==4577==  Address 0x522f048 is 8 bytes inside a block of size 48 free'd
==4577==    at 0x4C32D3B: free (in /usr/lib/valgrind/vgpreload_memcheck-amd64-linux.so)
==4577==    by 0x108E89: delete_node (in /home/sophie/cpsc259/lab3/lab3)
==4577==    by 0x108F20: delete_list (in /home/sophie/cpsc259/lab3/lab3)
==4577==    by 0x108BA4: main (in /home/sophie/cpsc259/lab3/lab3)
==4577==  Block was alloc'd at
==4577==    at 0x4C31B0F: malloc (in /usr/lib/valgrind/vgpreload_memcheck-amd64-linux.so)
==4577==    by 0x108CA5: create_node (in /home/sophie/cpsc259/lab3/lab3)
==4577==    by 0x1089B0: main (in /home/sophie/cpsc259/lab3/lab3)
==4577== 
==4577== Invalid write of size 8
==4577==    at 0x108E56: delete_node (in /home/sophie/cpsc259/lab3/lab3)
==4577==    by 0x108F20: delete_list (in /home/sophie/cpsc259/lab3/lab3)
==4577==    by 0x108C72: main (in /home/sophie/cpsc259/lab3/lab3)
==4577==  Address 0x522f050 is 16 bytes inside a block of size 48 free'd
==4577==    at 0x4C32D3B: free (in /usr/lib/valgrind/vgpreload_memcheck-amd64-linux.so)
==4577==    by 0x108E89: delete_node (in /home/sophie/cpsc259/lab3/lab3)
==4577==    by 0x108F20: delete_list (in /home/sophie/cpsc259/lab3/lab3)
==4577==    by 0x108BA4: main (in /home/sophie/cpsc259/lab3/lab3)
==4577==  Block was alloc'd at
==4577==    at 0x4C31B0F: malloc (in /usr/lib/valgrind/vgpreload_memcheck-amd64-linux.so)
==4577==    by 0x108CA5: create_node (in /home/sophie/cpsc259/lab3/lab3)
==4577==    by 0x1089B0: main (in /home/sophie/cpsc259/lab3/lab3)
==4577== 
==4577== Invalid read of size 8
==4577==    at 0x108E62: delete_node (in /home/sophie/cpsc259/lab3/lab3)
==4577==    by 0x108F20: delete_list (in /home/sophie/cpsc259/lab3/lab3)
==4577==    by 0x108C72: main (in /home/sophie/cpsc259/lab3/lab3)
==4577==  Address 0x522f048 is 8 bytes inside a block of size 48 free'd
==4577==    at 0x4C32D3B: free (in /usr/lib/valgrind/vgpreload_memcheck-amd64-linux.so)
==4577==    by 0x108E89: delete_node (in /home/sophie/cpsc259/lab3/lab3)
==4577==    by 0x108F20: delete_list (in /home/sophie/cpsc259/lab3/lab3)
==4577==    by 0x108BA4: main (in /home/sophie/cpsc259/lab3/lab3)
==4577==  Block was alloc'd at
==4577==    at 0x4C31B0F: malloc (in /usr/lib/valgrind/vgpreload_memcheck-amd64-linux.so)
==4577==    by 0x108CA5: create_node (in /home/sophie/cpsc259/lab3/lab3)
==4577==    by 0x1089B0: main (in /home/sophie/cpsc259/lab3/lab3)
==4577== 
==4577== Invalid read of size 8
==4577==    at 0x108E72: delete_node (in /home/sophie/cpsc259/lab3/lab3)
==4577==    by 0x108F20: delete_list (in /home/sophie/cpsc259/lab3/lab3)
==4577==    by 0x108C72: main (in /home/sophie/cpsc259/lab3/lab3)
==4577==  Address 0x522f050 is 16 bytes inside a block of size 48 free'd
==4577==    at 0x4C32D3B: free (in /usr/lib/valgrind/vgpreload_memcheck-amd64-linux.so)
==4577==    by 0x108E89: delete_node (in /home/sophie/cpsc259/lab3/lab3)
==4577==    by 0x108F20: delete_list (in /home/sophie/cpsc259/lab3/lab3)
==4577==    by 0x108BA4: main (in /home/sophie/cpsc259/lab3/lab3)
==4577==  Block was alloc'd at
==4577==    at 0x4C31B0F: malloc (in /usr/lib/valgrind/vgpreload_memcheck-amd64-linux.so)
==4577==    by 0x108CA5: create_node (in /home/sophie/cpsc259/lab3/lab3)
==4577==    by 0x1089B0: main (in /home/sophie/cpsc259/lab3/lab3)
==4577== 
==4577== Invalid free() / delete / delete[] / realloc()
==4577==    at 0x4C32D3B: free (in /usr/lib/valgrind/vgpreload_memcheck-amd64-linux.so)
==4577==    by 0x108E89: delete_node (in /home/sophie/cpsc259/lab3/lab3)
==4577==    by 0x108F20: delete_list (in /home/sophie/cpsc259/lab3/lab3)
==4577==    by 0x108C72: main (in /home/sophie/cpsc259/lab3/lab3)
==4577==  Address 0x522f040 is 0 bytes inside a block of size 48 free'd
==4577==    at 0x4C32D3B: free (in /usr/lib/valgrind/vgpreload_memcheck-amd64-linux.so)
==4577==    by 0x108E89: delete_node (in /home/sophie/cpsc259/lab3/lab3)
==4577==    by 0x108F20: delete_list (in /home/sophie/cpsc259/lab3/lab3)
==4577==    by 0x108BA4: main (in /home/sophie/cpsc259/lab3/lab3)
==4577==  Block was alloc'd at
==4577==    at 0x4C31B0F: malloc (in /usr/lib/valgrind/vgpreload_memcheck-amd64-linux.so)
==4577==    by 0x108CA5: create_node (in /home/sophie/cpsc259/lab3/lab3)
==4577==    by 0x1089B0: main (in /home/sophie/cpsc259/lab3/lab3)
==4577== 


flight_number = 3
city_orgin = New Brunswick
city_destination = Halifax
priority = 3
maximum_speed_kph = 2000
cruising_altitude = 40000
capacity = 40
Link points to address 0x522f040
flight_number = 1
city_orgin = Vancouver
city_destination = Singapore
priority = 10
maximum_speed_kph = 1000
cruising_altitude = 20000
capacity = 30
Link points to address 0x522f260
flight_number = 2
city_orgin = Calgary
city_destination = Toronto
priority = 2
maximum_speed_kph = 2000
cruising_altitude = 40000
capacity = 35
Link = NULL



deleting my list...



flight_number = 2
city_orgin = Calgary
city_destination = Toronto
priority = 2
maximum_speed_kph = 2000
cruising_altitude = 40000
capacity = 35
Link = NULL



flight_number = 1
city_orgin = Vancouver
city_destination = Singapore
priority = 10
maximum_speed_kph = 1000
cruising_altitude = 20000
capacity = 30
Link = NULL



deleting my 1 node list...



result = (nil)
The list is empty
==4577== 
==4577== HEAP SUMMARY:
==4577==     in use at exit: 181 bytes in 12 blocks
==4577==   total heap usage: 16 allocs, 5 frees, 4,421 bytes allocated
==4577== 
==4577== 7 bytes in 1 blocks are definitely lost in loss record 4 of 12
==4577==    at 0x4C31B0F: malloc (in /usr/lib/valgrind/vgpreload_memcheck-amd64-linux.so)
==4577==    by 0x108D25: create_node (in /home/sophie/cpsc259/lab3/lab3)
==4577==    by 0x108AA6: main (in /home/sophie/cpsc259/lab3/lab3)
==4577== 
==4577== 9 bytes in 1 blocks are definitely lost in loss record 6 of 12
==4577==    at 0x4C31B0F: malloc (in /usr/lib/valgrind/vgpreload_memcheck-amd64-linux.so)
==4577==    by 0x108CEE: create_node (in /home/sophie/cpsc259/lab3/lab3)
==4577==    by 0x1089B0: main (in /home/sophie/cpsc259/lab3/lab3)
==4577== 
==4577== 9 bytes in 1 blocks are definitely lost in loss record 7 of 12
==4577==    at 0x4C31B0F: malloc (in /usr/lib/valgrind/vgpreload_memcheck-amd64-linux.so)
==4577==    by 0x108D25: create_node (in /home/sophie/cpsc259/lab3/lab3)
==4577==    by 0x1089B0: main (in /home/sophie/cpsc259/lab3/lab3)
==4577== 
==4577== 9 bytes in 1 blocks are definitely lost in loss record 8 of 12
==4577==    at 0x4C31B0F: malloc (in /usr/lib/valgrind/vgpreload_memcheck-amd64-linux.so)
==4577==    by 0x108CEE: create_node (in /home/sophie/cpsc259/lab3/lab3)
==4577==    by 0x1089E2: main (in /home/sophie/cpsc259/lab3/lab3)
==4577== 
==4577== 9 bytes in 1 blocks are definitely lost in loss record 9 of 12
==4577==    at 0x4C31B0F: malloc (in /usr/lib/valgrind/vgpreload_memcheck-amd64-linux.so)
==4577==    by 0x108D25: create_node (in /home/sophie/cpsc259/lab3/lab3)
==4577==    by 0x1089E2: main (in /home/sophie/cpsc259/lab3/lab3)
==4577== 
==4577== 13 bytes in 1 blocks are definitely lost in loss record 10 of 12
==4577==    at 0x4C31B0F: malloc (in /usr/lib/valgrind/vgpreload_memcheck-amd64-linux.so)
==4577==    by 0x108CEE: create_node (in /home/sophie/cpsc259/lab3/lab3)
==4577==    by 0x108AA6: main (in /home/sophie/cpsc259/lab3/lab3)
==4577== 
==4577== 62 (48 direct, 14 indirect) bytes in 1 blocks are definitely lost in loss record 11 of 12
==4577==    at 0x4C31B0F: malloc (in /usr/lib/valgrind/vgpreload_memcheck-amd64-linux.so)
==4577==    by 0x108CA5: create_node (in /home/sophie/cpsc259/lab3/lab3)
==4577==    by 0x108A4A: main (in /home/sophie/cpsc259/lab3/lab3)
==4577== 
==4577== 63 (48 direct, 15 indirect) bytes in 1 blocks are definitely lost in loss record 12 of 12
==4577==    at 0x4C31B0F: malloc (in /usr/lib/valgrind/vgpreload_memcheck-amd64-linux.so)
==4577==    by 0x108CA5: create_node (in /home/sophie/cpsc259/lab3/lab3)
==4577==    by 0x108B02: main (in /home/sophie/cpsc259/lab3/lab3)
==4577== 
==4577== LEAK SUMMARY:
==4577==    definitely lost: 152 bytes in 8 blocks
==4577==    indirectly lost: 29 bytes in 4 blocks
==4577==      possibly lost: 0 bytes in 0 blocks
==4577==    still reachable: 0 bytes in 0 blocks
==4577==         suppressed: 0 bytes in 0 blocks
==4577== 
==4577== For counts of detected and suppressed errors, rerun with: -v
==4577== ERROR SUMMARY: 39 errors from 31 contexts (suppressed: 0 from 0)
